# JRE version: Java(TM) SE Runtime Environment (8.0_161-b12) (build 1.8.0_161-b12)
# Java VM: Java HotSpot(TM) 64-Bit Server VM (25.161-b12 mixed mode windows-amd64 compressed oops)
Heap:
 PSYoungGen      total 217088K, used 67572K [0x00000000d5580000, 0x00000000e6700000, 0x0000000100000000)
  eden space 209408K, 32% used [0x00000000d5580000,0x00000000d977d008,0x00000000e2200000)
  from space 7680K, 0% used [0x00000000e5800000,0x00000000e5800000,0x00000000e5f80000)
  to   space 5632K, 0% used [0x00000000e6180000,0x00000000e6180000,0x00000000e6700000)
 ParOldGen       total 55808K, used 17739K [0x0000000080000000, 0x0000000083680000, 0x00000000d5580000)
  object space 55808K, 31% used [0x0000000080000000,0x0000000081152ee8,0x0000000083680000)
 Metaspace       used 44633K, capacity 47610K, committed 47872K, reserved 1091584K
  class space    used 5520K, capacity 6034K, committed 6144K, reserved 1048576K
GC Heap History (10 events):
Event: 9.528 GC heap before
{Heap before GC invocations=8 (full 1):
 PSYoungGen      total 215040K, used 214864K [0x00000000d5580000, 0x00000000e6700000, 0x0000000100000000)
  eden space 209408K, 100% used [0x00000000d5580000,0x00000000e2200000,0x00000000e2200000)
  from space 5632K, 96% used [0x00000000e6180000,0x00000000e66d43e0,0x00000000e6700000)
  to   space 7680K, 0% used [0x00000000e5800000,0x00000000e5800000,0x00000000e5f80000)
 ParOldGen       total 55808K, used 6881K [0x0000000080000000, 0x0000000083680000, 0x00000000d5580000)
  object space 55808K, 12% used [0x0000000080000000,0x00000000806b8500,0x0000000083680000)
 Metaspace       used 31736K, capacity 33520K, committed 33664K, reserved 1079296K
  class space    used 3829K, capacity 4201K, committed 4224K, reserved 1048576K
Event: 9.552 GC heap after
Heap after GC invocations=8 (full 1):
 PSYoungGen      total 217088K, used 7652K [0x00000000d5580000, 0x00000000e6700000, 0x0000000100000000)
  eden space 209408K, 0% used [0x00000000d5580000,0x00000000d5580000,0x00000000e2200000)
  from space 7680K, 99% used [0x00000000e5800000,0x00000000e5f79340,0x00000000e5f80000)
  to   space 5632K, 0% used [0x00000000e6180000,0x00000000e6180000,0x00000000e6700000)
 ParOldGen       total 55808K, used 9139K [0x0000000080000000, 0x0000000083680000, 0x00000000d5580000)
  object space 55808K, 16% used [0x0000000080000000,0x00000000808ecc48,0x0000000083680000)
 Metaspace       used 31736K, capacity 33520K, committed 33664K, reserved 1079296K
  class space    used 3829K, capacity 4201K, committed 4224K, reserved 1048576K
}
Event: 10.079 GC heap before
{Heap before GC invocations=9 (full 1):
 PSYoungGen      total 217088K, used 68008K [0x00000000d5580000, 0x00000000e6700000, 0x0000000100000000)
  eden space 209408K, 28% used [0x00000000d5580000,0x00000000d9070e40,0x00000000e2200000)
  from space 7680K, 99% used [0x00000000e5800000,0x00000000e5f79340,0x00000000e5f80000)
  to   space 5632K, 0% used [0x00000000e6180000,0x00000000e6180000,0x00000000e6700000)
 ParOldGen       total 55808K, used 9139K [0x0000000080000000, 0x0000000083680000, 0x00000000d5580000)
  object space 55808K, 16% used [0x0000000080000000,0x00000000808ecc48,0x0000000083680000)
 Metaspace       used 33500K, capacity 35302K, committed 35456K, reserved 1081344K
  class space    used 4038K, capacity 4398K, committed 4480K, reserved 1048576K
Event: 10.157 GC heap after
Heap after GC invocations=9 (full 1):
 PSYoungGen      total 215040K, used 5631K [0x00000000d5580000, 0x00000000e6700000, 0x0000000100000000)
  eden space 209408K, 0% used [0x00000000d5580000,0x00000000d5580000,0x00000000e2200000)
  from space 5632K, 99% used [0x00000000e6180000,0x00000000e66ffe30,0x00000000e6700000)
  to   space 7680K, 0% used [0x00000000e5800000,0x00000000e5800000,0x00000000e5f80000)
 ParOldGen       total 55808K, used 9718K [0x0000000080000000, 0x0000000083680000, 0x00000000d5580000)
  object space 55808K, 17% used [0x0000000080000000,0x000000008097d930,0x0000000083680000)
 Metaspace       used 33500K, capacity 35302K, committed 35456K, reserved 1081344K
  class space    used 4038K, capacity 4398K, committed 4480K, reserved 1048576K
}
Event: 10.157 GC heap before
{Heap before GC invocations=10 (full 2):
 PSYoungGen      total 215040K, used 5631K [0x00000000d5580000, 0x00000000e6700000, 0x0000000100000000)
  eden space 209408K, 0% used [0x00000000d5580000,0x00000000d5580000,0x00000000e2200000)
  from space 5632K, 99% used [0x00000000e6180000,0x00000000e66ffe30,0x00000000e6700000)
  to   space 7680K, 0% used [0x00000000e5800000,0x00000000e5800000,0x00000000e5f80000)
 ParOldGen       total 55808K, used 9718K [0x0000000080000000, 0x0000000083680000, 0x00000000d5580000)
  object space 55808K, 17% used [0x0000000080000000,0x000000008097d930,0x0000000083680000)
 Metaspace       used 33500K, capacity 35302K, committed 35456K, reserved 1081344K
  class space    used 4038K, capacity 4398K, committed 4480K, reserved 1048576K
Event: 10.433 GC heap after
Heap after GC invocations=10 (full 2):
 PSYoungGen      total 215040K, used 0K [0x00000000d5580000, 0x00000000e6700000, 0x0000000100000000)
  eden space 209408K, 0% used [0x00000000d5580000,0x00000000d5580000,0x00000000e2200000)
  from space 5632K, 0% used [0x00000000e6180000,0x00000000e6180000,0x00000000e6700000)
  to   space 7680K, 0% used [0x00000000e5800000,0x00000000e5800000,0x00000000e5f80000)
 ParOldGen       total 55808K, used 10686K [0x0000000080000000, 0x0000000083680000, 0x00000000d5580000)
  object space 55808K, 19% used [0x0000000080000000,0x0000000080a6fb00,0x0000000083680000)
 Metaspace       used 33500K, capacity 35302K, committed 35456K, reserved 1081344K
  class space    used 4038K, capacity 4398K, committed 4480K, reserved 1048576K
}
Event: 13.946 GC heap before
{Heap before GC invocations=11 (full 2):
 PSYoungGen      total 215040K, used 206435K [0x00000000d5580000, 0x00000000e6700000, 0x0000000100000000)
  eden space 209408K, 98% used [0x00000000d5580000,0x00000000e1f18fb0,0x00000000e2200000)
  from space 5632K, 0% used [0x00000000e6180000,0x00000000e6180000,0x00000000e6700000)
  to   space 7680K, 0% used [0x00000000e5800000,0x00000000e5800000,0x00000000e5f80000)
 ParOldGen       total 55808K, used 10686K [0x0000000080000000, 0x0000000083680000, 0x00000000d5580000)
  object space 55808K, 19% used [0x0000000080000000,0x0000000080a6fb00,0x0000000083680000)
 Metaspace       used 42018K, capacity 44480K, committed 44544K, reserved 1091584K
  class space    used 5150K, capacity 5603K, committed 5632K, reserved 1048576K
Event: 13.964 GC heap after
Heap after GC invocations=11 (full 2):
 PSYoungGen      total 217088K, used 7663K [0x00000000d5580000, 0x00000000e6700000, 0x0000000100000000)
  eden space 209408K, 0% used [0x00000000d5580000,0x00000000d5580000,0x00000000e2200000)
  from space 7680K, 99% used [0x00000000e5800000,0x00000000e5f7bdf8,0x00000000e5f80000)
  to   space 5632K, 0% used [0x00000000e6180000,0x00000000e6180000,0x00000000e6700000)
 ParOldGen       total 55808K, used 12323K [0x0000000080000000, 0x0000000083680000, 0x00000000d5580000)
  object space 55808K, 22% used [0x0000000080000000,0x0000000080c08c20,0x0000000083680000)
 Metaspace       used 42018K, capacity 44480K, committed 44544K, reserved 1091584K
  class space    used 5150K, capacity 5603K, committed 5632K, reserved 1048576K
}
Event: 13.964 GC heap before
{Heap before GC invocations=12 (full 3):
 PSYoungGen      total 217088K, used 7663K [0x00000000d5580000, 0x00000000e6700000, 0x0000000100000000)
  eden space 209408K, 0% used [0x00000000d5580000,0x00000000d5580000,0x00000000e2200000)
  from space 7680K, 99% used [0x00000000e5800000,0x00000000e5f7bdf8,0x00000000e5f80000)
  to   space 5632K, 0% used [0x00000000e6180000,0x00000000e6180000,0x00000000e6700000)
 ParOldGen       total 55808K, used 12323K [0x0000000080000000, 0x0000000083680000, 0x00000000d5580000)
  object space 55808K, 22% used [0x0000000080000000,0x0000000080c08c20,0x0000000083680000)
 Metaspace       used 42018K, capacity 44480K, committed 44544K, reserved 1091584K
  class space    used 5150K, capacity 5603K, committed 5632K, reserved 1048576K
Event: 14.170 GC heap after
Heap after GC invocations=12 (full 3):
 PSYoungGen      total 217088K, used 0K [0x00000000d5580000, 0x00000000e6700000, 0x0000000100000000)
  eden space 209408K, 0% used [0x00000000d5580000,0x00000000d5580000,0x00000000e2200000)
  from space 7680K, 0% used [0x00000000e5800000,0x00000000e5800000,0x00000000e5f80000)
  to   space 5632K, 0% used [0x00000000e6180000,0x00000000e6180000,0x00000000e6700000)
 ParOldGen       total 55808K, used 17739K [0x0000000080000000, 0x0000000083680000, 0x00000000d5580000)
  object space 55808K, 31% used [0x0000000080000000,0x0000000081152ee8,0x0000000083680000)
 Metaspace       used 42018K, capacity 44480K, committed 44544K, reserved 1089536K
  class space    used 5150K, capacity 5603K, committed 5632K, reserved 1048576K
}

