# JRE version: Java(TM) SE Runtime Environment (8.0_161-b12) (build 1.8.0_161-b12)
# Java VM: Java HotSpot(TM) 64-Bit Server VM (25.161-b12 mixed mode windows-amd64 compressed oops)
Heap:
 PSYoungGen      total 242688K, used 60914K [0x00000000d5580000, 0x00000000e9100000, 0x0000000100000000)
  eden space 234496K, 22% used [0x00000000d5580000,0x00000000d89020f8,0x00000000e3a80000)
  from space 8192K, 99% used [0x00000000e3a80000,0x00000000e427a8a0,0x00000000e4280000)
  to   space 11264K, 0% used [0x00000000e8600000,0x00000000e8600000,0x00000000e9100000)
 ParOldGen       total 69632K, used 17702K [0x0000000080000000, 0x0000000084400000, 0x00000000d5580000)
  object space 69632K, 25% used [0x0000000080000000,0x00000000811498f8,0x0000000084400000)
 Metaspace       used 48608K, capacity 52220K, committed 52480K, reserved 1095680K
  class space    used 5995K, capacity 6605K, committed 6656K, reserved 1048576K
GC Heap History (10 events):
Event: 9.288 GC heap before
{Heap before GC invocations=11 (full 1):
 PSYoungGen      total 134144K, used 133371K [0x00000000d5580000, 0x00000000e0200000, 0x0000000100000000)
  eden space 128000K, 100% used [0x00000000d5580000,0x00000000dd280000,0x00000000dd280000)
  from space 6144K, 87% used [0x00000000dd280000,0x00000000dd7bed58,0x00000000dd880000)
  to   space 6144K, 0% used [0x00000000dfc00000,0x00000000dfc00000,0x00000000e0200000)
 ParOldGen       total 48640K, used 6439K [0x0000000080000000, 0x0000000082f80000, 0x00000000d5580000)
  object space 48640K, 13% used [0x0000000080000000,0x0000000080649e40,0x0000000082f80000)
 Metaspace       used 30535K, capacity 32260K, committed 32512K, reserved 1077248K
  class space    used 3698K, capacity 4023K, committed 4096K, reserved 1048576K
Event: 9.358 GC heap after
Heap after GC invocations=11 (full 1):
 PSYoungGen      total 168960K, used 6136K [0x00000000d5580000, 0x00000000e1b00000, 0x0000000100000000)
  eden space 162816K, 0% used [0x00000000d5580000,0x00000000d5580000,0x00000000df480000)
  from space 6144K, 99% used [0x00000000dfc00000,0x00000000e01fe1a8,0x00000000e0200000)
  to   space 7680K, 0% used [0x00000000df480000,0x00000000df480000,0x00000000dfc00000)
 ParOldGen       total 48640K, used 7795K [0x0000000080000000, 0x0000000082f80000, 0x00000000d5580000)
  object space 48640K, 16% used [0x0000000080000000,0x000000008079cca8,0x0000000082f80000)
 Metaspace       used 30535K, capacity 32260K, committed 32512K, reserved 1077248K
  class space    used 3698K, capacity 4023K, committed 4096K, reserved 1048576K
}
Event: 10.054 GC heap before
{Heap before GC invocations=12 (full 1):
 PSYoungGen      total 168960K, used 108465K [0x00000000d5580000, 0x00000000e1b00000, 0x0000000100000000)
  eden space 162816K, 62% used [0x00000000d5580000,0x00000000db96e450,0x00000000df480000)
  from space 6144K, 99% used [0x00000000dfc00000,0x00000000e01fe1a8,0x00000000e0200000)
  to   space 7680K, 0% used [0x00000000df480000,0x00000000df480000,0x00000000dfc00000)
 ParOldGen       total 48640K, used 7795K [0x0000000080000000, 0x0000000082f80000, 0x00000000d5580000)
  object space 48640K, 16% used [0x0000000080000000,0x000000008079cca8,0x0000000082f80000)
 Metaspace       used 33564K, capacity 35332K, committed 35456K, reserved 1081344K
  class space    used 4052K, capacity 4407K, committed 4480K, reserved 1048576K
Event: 10.070 GC heap after
Heap after GC invocations=12 (full 1):
 PSYoungGen      total 170496K, used 3943K [0x00000000d5580000, 0x00000000e4a80000, 0x0000000100000000)
  eden space 162816K, 0% used [0x00000000d5580000,0x00000000d5580000,0x00000000df480000)
  from space 7680K, 51% used [0x00000000df480000,0x00000000df859ef0,0x00000000dfc00000)
  to   space 7168K, 0% used [0x00000000e4380000,0x00000000e4380000,0x00000000e4a80000)
 ParOldGen       total 48640K, used 10666K [0x0000000080000000, 0x0000000082f80000, 0x00000000d5580000)
  object space 48640K, 21% used [0x0000000080000000,0x0000000080a6aba0,0x0000000082f80000)
 Metaspace       used 33564K, capacity 35332K, committed 35456K, reserved 1081344K
  class space    used 4052K, capacity 4407K, committed 4480K, reserved 1048576K
}
Event: 10.070 GC heap before
{Heap before GC invocations=13 (full 2):
 PSYoungGen      total 170496K, used 3943K [0x00000000d5580000, 0x00000000e4a80000, 0x0000000100000000)
  eden space 162816K, 0% used [0x00000000d5580000,0x00000000d5580000,0x00000000df480000)
  from space 7680K, 51% used [0x00000000df480000,0x00000000df859ef0,0x00000000dfc00000)
  to   space 7168K, 0% used [0x00000000e4380000,0x00000000e4380000,0x00000000e4a80000)
 ParOldGen       total 48640K, used 10666K [0x0000000080000000, 0x0000000082f80000, 0x00000000d5580000)
  object space 48640K, 21% used [0x0000000080000000,0x0000000080a6aba0,0x0000000082f80000)
 Metaspace       used 33564K, capacity 35332K, committed 35456K, reserved 1081344K
  class space    used 4052K, capacity 4407K, committed 4480K, reserved 1048576K
Event: 10.158 GC heap after
Heap after GC invocations=13 (full 2):
 PSYoungGen      total 170496K, used 0K [0x00000000d5580000, 0x00000000e4a80000, 0x0000000100000000)
  eden space 162816K, 0% used [0x00000000d5580000,0x00000000d5580000,0x00000000df480000)
  from space 7680K, 0% used [0x00000000df480000,0x00000000df480000,0x00000000dfc00000)
  to   space 7168K, 0% used [0x00000000e4380000,0x00000000e4380000,0x00000000e4a80000)
 ParOldGen       total 69632K, used 11849K [0x0000000080000000, 0x0000000084400000, 0x00000000d5580000)
  object space 69632K, 17% used [0x0000000080000000,0x0000000080b927d8,0x0000000084400000)
 Metaspace       used 33564K, capacity 35332K, committed 35456K, reserved 1081344K
  class space    used 4052K, capacity 4407K, committed 4480K, reserved 1048576K
}
Event: 12.592 GC heap before
{Heap before GC invocations=14 (full 2):
 PSYoungGen      total 170496K, used 162816K [0x00000000d5580000, 0x00000000e4a80000, 0x0000000100000000)
  eden space 162816K, 100% used [0x00000000d5580000,0x00000000df480000,0x00000000df480000)
  from space 7680K, 0% used [0x00000000df480000,0x00000000df480000,0x00000000dfc00000)
  to   space 7168K, 0% used [0x00000000e4380000,0x00000000e4380000,0x00000000e4a80000)
 ParOldGen       total 69632K, used 11849K [0x0000000080000000, 0x0000000084400000, 0x00000000d5580000)
  object space 69632K, 17% used [0x0000000080000000,0x0000000080b927d8,0x0000000084400000)
 Metaspace       used 39498K, capacity 41870K, committed 41984K, reserved 1085440K
  class space    used 4812K, capacity 5264K, committed 5376K, reserved 1048576K
Event: 12.610 GC heap after
Heap after GC invocations=14 (full 2):
 PSYoungGen      total 229888K, used 7121K [0x00000000d5580000, 0x00000000e4a80000, 0x0000000100000000)
  eden space 222720K, 0% used [0x00000000d5580000,0x00000000d5580000,0x00000000e2f00000)
  from space 7168K, 99% used [0x00000000e4380000,0x00000000e4a74760,0x00000000e4a80000)
  to   space 8192K, 0% used [0x00000000e3a80000,0x00000000e3a80000,0x00000000e4280000)
 ParOldGen       total 69632K, used 11849K [0x0000000080000000, 0x0000000084400000, 0x00000000d5580000)
  object space 69632K, 17% used [0x0000000080000000,0x0000000080b927d8,0x0000000084400000)
 Metaspace       used 39498K, capacity 41870K, committed 41984K, reserved 1085440K
  class space    used 4812K, capacity 5264K, committed 5376K, reserved 1048576K
}
Event: 15.408 GC heap before
{Heap before GC invocations=15 (full 2):
 PSYoungGen      total 229888K, used 229841K [0x00000000d5580000, 0x00000000e4a80000, 0x0000000100000000)
  eden space 222720K, 100% used [0x00000000d5580000,0x00000000e2f00000,0x00000000e2f00000)
  from space 7168K, 99% used [0x00000000e4380000,0x00000000e4a74760,0x00000000e4a80000)
  to   space 8192K, 0% used [0x00000000e3a80000,0x00000000e3a80000,0x00000000e4280000)
 ParOldGen       total 69632K, used 11849K [0x0000000080000000, 0x0000000084400000, 0x00000000d5580000)
  object space 69632K, 17% used [0x0000000080000000,0x0000000080b927d8,0x0000000084400000)
 Metaspace       used 47506K, capacity 51052K, committed 51328K, reserved 1093632K
  class space    used 5866K, capacity 6487K, committed 6528K, reserved 1048576K
Event: 15.445 GC heap after
Heap after GC invocations=15 (full 2):
 PSYoungGen      total 242688K, used 8170K [0x00000000d5580000, 0x00000000e9100000, 0x0000000100000000)
  eden space 234496K, 0% used [0x00000000d5580000,0x00000000d5580000,0x00000000e3a80000)
  from space 8192K, 99% used [0x00000000e3a80000,0x00000000e427a8a0,0x00000000e4280000)
  to   space 11264K, 0% used [0x00000000e8600000,0x00000000e8600000,0x00000000e9100000)
 ParOldGen       total 69632K, used 17702K [0x0000000080000000, 0x0000000084400000, 0x00000000d5580000)
  object space 69632K, 25% used [0x0000000080000000,0x00000000811498f8,0x0000000084400000)
 Metaspace       used 47506K, capacity 51052K, committed 51328K, reserved 1093632K
  class space    used 5866K, capacity 6487K, committed 6528K, reserved 1048576K
}

