# JRE version: Java(TM) SE Runtime Environment (8.0_161-b12) (build 1.8.0_161-b12)
# Java VM: Java HotSpot(TM) 64-Bit Server VM (25.161-b12 mixed mode windows-amd64 compressed oops)
Heap:
 PSYoungGen      total 165888K, used 147098K [0x00000000d5580000, 0x00000000e4180000, 0x0000000100000000)
  eden space 157696K, 93% used [0x00000000d5580000,0x00000000de526b38,0x00000000def80000)
  from space 8192K, 0% used [0x00000000def80000,0x00000000def80000,0x00000000df780000)
  to   space 7680K, 0% used [0x00000000e3a00000,0x00000000e3a00000,0x00000000e4180000)
 ParOldGen       total 74240K, used 11887K [0x0000000080000000, 0x0000000084880000, 0x00000000d5580000)
  object space 74240K, 16% used [0x0000000080000000,0x0000000080b9bc60,0x0000000084880000)
 Metaspace       used 38816K, capacity 41130K, committed 41344K, reserved 1085440K
  class space    used 4726K, capacity 5168K, committed 5248K, reserved 1048576K
GC Heap History (10 events):
Event: 7.343 GC heap before
{Heap before GC invocations=9 (full 1):
 PSYoungGen      total 72192K, used 66048K [0x00000000d5580000, 0x00000000de280000, 0x0000000100000000)
  eden space 66048K, 100% used [0x00000000d5580000,0x00000000d9600000,0x00000000d9600000)
  from space 6144K, 0% used [0x00000000d9600000,0x00000000d9600000,0x00000000d9c00000)
  to   space 6144K, 0% used [0x00000000ddc80000,0x00000000ddc80000,0x00000000de280000)
 ParOldGen       total 51200K, used 6325K [0x0000000080000000, 0x0000000083200000, 0x00000000d5580000)
  object space 51200K, 12% used [0x0000000080000000,0x000000008062d740,0x0000000083200000)
 Metaspace       used 22950K, capacity 24460K, committed 24576K, reserved 1071104K
  class space    used 2770K, capacity 3066K, committed 3072K, reserved 1048576K
Event: 7.350 GC heap after
Heap after GC invocations=9 (full 1):
 PSYoungGen      total 112128K, used 2376K [0x00000000d5580000, 0x00000000ddf00000, 0x0000000100000000)
  eden space 109568K, 0% used [0x00000000d5580000,0x00000000d5580000,0x00000000dc080000)
  from space 2560K, 92% used [0x00000000ddc80000,0x00000000dded2158,0x00000000ddf00000)
  to   space 6144K, 0% used [0x00000000dd300000,0x00000000dd300000,0x00000000dd900000)
 ParOldGen       total 51200K, used 6333K [0x0000000080000000, 0x0000000083200000, 0x00000000d5580000)
  object space 51200K, 12% used [0x0000000080000000,0x000000008062f740,0x0000000083200000)
 Metaspace       used 22950K, capacity 24460K, committed 24576K, reserved 1071104K
  class space    used 2770K, capacity 3066K, committed 3072K, reserved 1048576K
}
Event: 8.674 GC heap before
{Heap before GC invocations=10 (full 1):
 PSYoungGen      total 112128K, used 111944K [0x00000000d5580000, 0x00000000ddf00000, 0x0000000100000000)
  eden space 109568K, 100% used [0x00000000d5580000,0x00000000dc080000,0x00000000dc080000)
  from space 2560K, 92% used [0x00000000ddc80000,0x00000000dded2158,0x00000000ddf00000)
  to   space 6144K, 0% used [0x00000000dd300000,0x00000000dd300000,0x00000000dd900000)
 ParOldGen       total 51200K, used 6333K [0x0000000080000000, 0x0000000083200000, 0x00000000d5580000)
  object space 51200K, 12% used [0x0000000080000000,0x000000008062f740,0x0000000083200000)
 Metaspace       used 26609K, capacity 28196K, committed 28288K, reserved 1073152K
  class space    used 3314K, capacity 3629K, committed 3712K, reserved 1048576K
Event: 8.752 GC heap after
Heap after GC invocations=10 (full 1):
 PSYoungGen      total 134656K, used 6112K [0x00000000d5580000, 0x00000000dfe00000, 0x0000000100000000)
  eden space 128512K, 0% used [0x00000000d5580000,0x00000000d5580000,0x00000000dd300000)
  from space 6144K, 99% used [0x00000000dd300000,0x00000000dd8f82b8,0x00000000dd900000)
  to   space 6656K, 0% used [0x00000000df780000,0x00000000df780000,0x00000000dfe00000)
 ParOldGen       total 51200K, used 6502K [0x0000000080000000, 0x0000000083200000, 0x00000000d5580000)
  object space 51200K, 12% used [0x0000000080000000,0x00000000806598a8,0x0000000083200000)
 Metaspace       used 26609K, capacity 28196K, committed 28288K, reserved 1073152K
  class space    used 3314K, capacity 3629K, committed 3712K, reserved 1048576K
}
Event: 10.092 GC heap before
{Heap before GC invocations=11 (full 1):
 PSYoungGen      total 134656K, used 134624K [0x00000000d5580000, 0x00000000dfe00000, 0x0000000100000000)
  eden space 128512K, 100% used [0x00000000d5580000,0x00000000dd300000,0x00000000dd300000)
  from space 6144K, 99% used [0x00000000dd300000,0x00000000dd8f82b8,0x00000000dd900000)
  to   space 6656K, 0% used [0x00000000df780000,0x00000000df780000,0x00000000dfe00000)
 ParOldGen       total 51200K, used 6502K [0x0000000080000000, 0x0000000083200000, 0x00000000d5580000)
  object space 51200K, 12% used [0x0000000080000000,0x00000000806598a8,0x0000000083200000)
 Metaspace       used 30440K, capacity 32194K, committed 32256K, reserved 1077248K
  class space    used 3718K, capacity 4064K, committed 4096K, reserved 1048576K
Event: 10.112 GC heap after
Heap after GC invocations=11 (full 1):
 PSYoungGen      total 164352K, used 6654K [0x00000000d5580000, 0x00000000e1a00000, 0x0000000100000000)
  eden space 157696K, 0% used [0x00000000d5580000,0x00000000d5580000,0x00000000def80000)
  from space 6656K, 99% used [0x00000000df780000,0x00000000dfdffb68,0x00000000dfe00000)
  to   space 8192K, 0% used [0x00000000def80000,0x00000000def80000,0x00000000df780000)
 ParOldGen       total 51200K, used 8011K [0x0000000080000000, 0x0000000083200000, 0x00000000d5580000)
  object space 51200K, 15% used [0x0000000080000000,0x00000000807d2c30,0x0000000083200000)
 Metaspace       used 30440K, capacity 32194K, committed 32256K, reserved 1077248K
  class space    used 3718K, capacity 4064K, committed 4096K, reserved 1048576K
}
Event: 10.838 GC heap before
{Heap before GC invocations=12 (full 1):
 PSYoungGen      total 164352K, used 115586K [0x00000000d5580000, 0x00000000e1a00000, 0x0000000100000000)
  eden space 157696K, 69% used [0x00000000d5580000,0x00000000dbfe0dc0,0x00000000def80000)
  from space 6656K, 99% used [0x00000000df780000,0x00000000dfdffb68,0x00000000dfe00000)
  to   space 8192K, 0% used [0x00000000def80000,0x00000000def80000,0x00000000df780000)
 ParOldGen       total 51200K, used 8011K [0x0000000080000000, 0x0000000083200000, 0x00000000d5580000)
  object space 51200K, 15% used [0x0000000080000000,0x00000000807d2c30,0x0000000083200000)
 Metaspace       used 33577K, capacity 35332K, committed 35456K, reserved 1081344K
  class space    used 4059K, capacity 4407K, committed 4480K, reserved 1048576K
Event: 10.854 GC heap after
Heap after GC invocations=12 (full 1):
 PSYoungGen      total 165888K, used 3760K [0x00000000d5580000, 0x00000000e4180000, 0x0000000100000000)
  eden space 157696K, 0% used [0x00000000d5580000,0x00000000d5580000,0x00000000def80000)
  from space 8192K, 45% used [0x00000000def80000,0x00000000df32c008,0x00000000df780000)
  to   space 7680K, 0% used [0x00000000e3a00000,0x00000000e3a00000,0x00000000e4180000)
 ParOldGen       total 51200K, used 10934K [0x0000000080000000, 0x0000000083200000, 0x00000000d5580000)
  object space 51200K, 21% used [0x0000000080000000,0x0000000080aadb28,0x0000000083200000)
 Metaspace       used 33577K, capacity 35332K, committed 35456K, reserved 1081344K
  class space    used 4059K, capacity 4407K, committed 4480K, reserved 1048576K
}
Event: 10.855 GC heap before
{Heap before GC invocations=13 (full 2):
 PSYoungGen      total 165888K, used 3760K [0x00000000d5580000, 0x00000000e4180000, 0x0000000100000000)
  eden space 157696K, 0% used [0x00000000d5580000,0x00000000d5580000,0x00000000def80000)
  from space 8192K, 45% used [0x00000000def80000,0x00000000df32c008,0x00000000df780000)
  to   space 7680K, 0% used [0x00000000e3a00000,0x00000000e3a00000,0x00000000e4180000)
 ParOldGen       total 51200K, used 10934K [0x0000000080000000, 0x0000000083200000, 0x00000000d5580000)
  object space 51200K, 21% used [0x0000000080000000,0x0000000080aadb28,0x0000000083200000)
 Metaspace       used 33577K, capacity 35332K, committed 35456K, reserved 1081344K
  class space    used 4059K, capacity 4407K, committed 4480K, reserved 1048576K
Event: 10.933 GC heap after
Heap after GC invocations=13 (full 2):
 PSYoungGen      total 165888K, used 0K [0x00000000d5580000, 0x00000000e4180000, 0x0000000100000000)
  eden space 157696K, 0% used [0x00000000d5580000,0x00000000d5580000,0x00000000def80000)
  from space 8192K, 0% used [0x00000000def80000,0x00000000def80000,0x00000000df780000)
  to   space 7680K, 0% used [0x00000000e3a00000,0x00000000e3a00000,0x00000000e4180000)
 ParOldGen       total 74240K, used 11887K [0x0000000080000000, 0x0000000084880000, 0x00000000d5580000)
  object space 74240K, 16% used [0x0000000080000000,0x0000000080b9bc60,0x0000000084880000)
 Metaspace       used 33577K, capacity 35332K, committed 35456K, reserved 1081344K
  class space    used 4059K, capacity 4407K, committed 4480K, reserved 1048576K
}

