# JRE version: Java(TM) SE Runtime Environment (8.0_161-b12) (build 1.8.0_161-b12)
# Java VM: Java HotSpot(TM) 64-Bit Server VM (25.161-b12 mixed mode windows-amd64 compressed oops)
Heap:
 PSYoungGen      total 227328K, used 188078K [0x00000000d5580000, 0x00000000e3d00000, 0x0000000100000000)
  eden space 219648K, 82% used [0x00000000d5580000,0x00000000e05af808,0x00000000e2c00000)
  from space 7680K, 99% used [0x00000000e2e00000,0x00000000e357c220,0x00000000e3580000)
  to   space 7168K, 0% used [0x00000000e3600000,0x00000000e3600000,0x00000000e3d00000)
 ParOldGen       total 77312K, used 22687K [0x0000000080000000, 0x0000000084b80000, 0x00000000d5580000)
  object space 77312K, 29% used [0x0000000080000000,0x0000000081627f20,0x0000000084b80000)
 Metaspace       used 51935K, capacity 55748K, committed 55936K, reserved 1097728K
  class space    used 6328K, capacity 6963K, committed 7040K, reserved 1048576K
GC Heap History (10 events):
Event: 10.244 GC heap before
{Heap before GC invocations=9 (full 1):
 PSYoungGen      total 139264K, used 136793K [0x00000000d5580000, 0x00000000e3d00000, 0x0000000100000000)
  eden space 132096K, 100% used [0x00000000d5580000,0x00000000dd680000,0x00000000dd680000)
  from space 7168K, 65% used [0x00000000dd680000,0x00000000ddb164b8,0x00000000ddd80000)
  to   space 7168K, 0% used [0x00000000e3600000,0x00000000e3600000,0x00000000e3d00000)
 ParOldGen       total 50176K, used 6323K [0x0000000080000000, 0x0000000083100000, 0x00000000d5580000)
  object space 50176K, 12% used [0x0000000080000000,0x000000008062cd38,0x0000000083100000)
 Metaspace       used 29285K, capacity 30966K, committed 31104K, reserved 1077248K
  class space    used 3612K, capacity 3948K, committed 3968K, reserved 1048576K
Event: 10.261 GC heap after
Heap after GC invocations=9 (full 1):
 PSYoungGen      total 226816K, used 6964K [0x00000000d5580000, 0x00000000e3d00000, 0x0000000100000000)
  eden space 219648K, 0% used [0x00000000d5580000,0x00000000d5580000,0x00000000e2c00000)
  from space 7168K, 97% used [0x00000000e3600000,0x00000000e3ccd190,0x00000000e3d00000)
  to   space 7680K, 0% used [0x00000000e2e00000,0x00000000e2e00000,0x00000000e3580000)
 ParOldGen       total 50176K, used 6323K [0x0000000080000000, 0x0000000083100000, 0x00000000d5580000)
  object space 50176K, 12% used [0x0000000080000000,0x000000008062cd38,0x0000000083100000)
 Metaspace       used 29285K, capacity 30966K, committed 31104K, reserved 1077248K
  class space    used 3612K, capacity 3948K, committed 3968K, reserved 1048576K
}
Event: 11.643 GC heap before
{Heap before GC invocations=10 (full 1):
 PSYoungGen      total 226816K, used 153582K [0x00000000d5580000, 0x00000000e3d00000, 0x0000000100000000)
  eden space 219648K, 66% used [0x00000000d5580000,0x00000000de4ae9b0,0x00000000e2c00000)
  from space 7168K, 97% used [0x00000000e3600000,0x00000000e3ccd190,0x00000000e3d00000)
  to   space 7680K, 0% used [0x00000000e2e00000,0x00000000e2e00000,0x00000000e3580000)
 ParOldGen       total 50176K, used 6323K [0x0000000080000000, 0x0000000083100000, 0x00000000d5580000)
  object space 50176K, 12% used [0x0000000080000000,0x000000008062cd38,0x0000000083100000)
 Metaspace       used 33630K, capacity 35440K, committed 35456K, reserved 1081344K
  class space    used 4085K, capacity 4467K, committed 4480K, reserved 1048576K
Event: 11.685 GC heap after
Heap after GC invocations=10 (full 1):
 PSYoungGen      total 227328K, used 7667K [0x00000000d5580000, 0x00000000e3d00000, 0x0000000100000000)
  eden space 219648K, 0% used [0x00000000d5580000,0x00000000d5580000,0x00000000e2c00000)
  from space 7680K, 99% used [0x00000000e2e00000,0x00000000e357cf28,0x00000000e3580000)
  to   space 7168K, 0% used [0x00000000e3600000,0x00000000e3600000,0x00000000e3d00000)
 ParOldGen       total 50176K, used 7275K [0x0000000080000000, 0x0000000083100000, 0x00000000d5580000)
  object space 50176K, 14% used [0x0000000080000000,0x000000008071ae68,0x0000000083100000)
 Metaspace       used 33630K, capacity 35440K, committed 35456K, reserved 1081344K
  class space    used 4085K, capacity 4467K, committed 4480K, reserved 1048576K
}
Event: 11.685 GC heap before
{Heap before GC invocations=11 (full 2):
 PSYoungGen      total 227328K, used 7667K [0x00000000d5580000, 0x00000000e3d00000, 0x0000000100000000)
  eden space 219648K, 0% used [0x00000000d5580000,0x00000000d5580000,0x00000000e2c00000)
  from space 7680K, 99% used [0x00000000e2e00000,0x00000000e357cf28,0x00000000e3580000)
  to   space 7168K, 0% used [0x00000000e3600000,0x00000000e3600000,0x00000000e3d00000)
 ParOldGen       total 50176K, used 7275K [0x0000000080000000, 0x0000000083100000, 0x00000000d5580000)
  object space 50176K, 14% used [0x0000000080000000,0x000000008071ae68,0x0000000083100000)
 Metaspace       used 33630K, capacity 35440K, committed 35456K, reserved 1081344K
  class space    used 4085K, capacity 4467K, committed 4480K, reserved 1048576K
Event: 11.818 GC heap after
Heap after GC invocations=11 (full 2):
 PSYoungGen      total 227328K, used 0K [0x00000000d5580000, 0x00000000e3d00000, 0x0000000100000000)
  eden space 219648K, 0% used [0x00000000d5580000,0x00000000d5580000,0x00000000e2c00000)
  from space 7680K, 0% used [0x00000000e2e00000,0x00000000e2e00000,0x00000000e3580000)
  to   space 7168K, 0% used [0x00000000e3600000,0x00000000e3600000,0x00000000e3d00000)
 ParOldGen       total 77312K, used 13017K [0x0000000080000000, 0x0000000084b80000, 0x00000000d5580000)
  object space 77312K, 16% used [0x0000000080000000,0x0000000080cb65e8,0x0000000084b80000)
 Metaspace       used 33630K, capacity 35440K, committed 35456K, reserved 1081344K
  class space    used 4085K, capacity 4467K, committed 4480K, reserved 1048576K
}
Event: 14.684 GC heap before
{Heap before GC invocations=12 (full 2):
 PSYoungGen      total 227328K, used 219648K [0x00000000d5580000, 0x00000000e3d00000, 0x0000000100000000)
  eden space 219648K, 100% used [0x00000000d5580000,0x00000000e2c00000,0x00000000e2c00000)
  from space 7680K, 0% used [0x00000000e2e00000,0x00000000e2e00000,0x00000000e3580000)
  to   space 7168K, 0% used [0x00000000e3600000,0x00000000e3600000,0x00000000e3d00000)
 ParOldGen       total 77312K, used 13017K [0x0000000080000000, 0x0000000084b80000, 0x00000000d5580000)
  object space 77312K, 16% used [0x0000000080000000,0x0000000080cb65e8,0x0000000084b80000)
 Metaspace       used 42125K, capacity 44510K, committed 44544K, reserved 1087488K
  class space    used 5164K, capacity 5610K, committed 5632K, reserved 1048576K
Event: 14.706 GC heap after
Heap after GC invocations=12 (full 2):
 PSYoungGen      total 226816K, used 7147K [0x00000000d5580000, 0x00000000e3d00000, 0x0000000100000000)
  eden space 219648K, 0% used [0x00000000d5580000,0x00000000d5580000,0x00000000e2c00000)
  from space 7168K, 99% used [0x00000000e3600000,0x00000000e3cfade0,0x00000000e3d00000)
  to   space 7680K, 0% used [0x00000000e2e00000,0x00000000e2e00000,0x00000000e3580000)
 ParOldGen       total 77312K, used 15569K [0x0000000080000000, 0x0000000084b80000, 0x00000000d5580000)
  object space 77312K, 20% used [0x0000000080000000,0x0000000080f346a0,0x0000000084b80000)
 Metaspace       used 42125K, capacity 44510K, committed 44544K, reserved 1087488K
  class space    used 5164K, capacity 5610K, committed 5632K, reserved 1048576K
}
Event: 17.641 GC heap before
{Heap before GC invocations=13 (full 2):
 PSYoungGen      total 226816K, used 226795K [0x00000000d5580000, 0x00000000e3d00000, 0x0000000100000000)
  eden space 219648K, 100% used [0x00000000d5580000,0x00000000e2c00000,0x00000000e2c00000)
  from space 7168K, 99% used [0x00000000e3600000,0x00000000e3cfade0,0x00000000e3d00000)
  to   space 7680K, 0% used [0x00000000e2e00000,0x00000000e2e00000,0x00000000e3580000)
 ParOldGen       total 77312K, used 15569K [0x0000000080000000, 0x0000000084b80000, 0x00000000d5580000)
  object space 77312K, 20% used [0x0000000080000000,0x0000000080f346a0,0x0000000084b80000)
 Metaspace       used 48725K, capacity 52298K, committed 52480K, reserved 1095680K
  class space    used 6009K, capacity 6606K, committed 6656K, reserved 1048576K
Event: 17.701 GC heap after
Heap after GC invocations=13 (full 2):
 PSYoungGen      total 227328K, used 7664K [0x00000000d5580000, 0x00000000e3d00000, 0x0000000100000000)
  eden space 219648K, 0% used [0x00000000d5580000,0x00000000d5580000,0x00000000e2c00000)
  from space 7680K, 99% used [0x00000000e2e00000,0x00000000e357c220,0x00000000e3580000)
  to   space 7168K, 0% used [0x00000000e3600000,0x00000000e3600000,0x00000000e3d00000)
 ParOldGen       total 77312K, used 22687K [0x0000000080000000, 0x0000000084b80000, 0x00000000d5580000)
  object space 77312K, 29% used [0x0000000080000000,0x0000000081627f20,0x0000000084b80000)
 Metaspace       used 48725K, capacity 52298K, committed 52480K, reserved 1095680K
  class space    used 6009K, capacity 6606K, committed 6656K, reserved 1048576K
}

